yarn run v1.22.22
$ next build
Attention: Next.js now collects completely anonymous telemetry regarding usage.
This information is used to shape Next.js' roadmap and prioritize features.
You can learn more, including how to opt-out if you'd not like to participate in this anonymous program, by visiting the following URL:
https://nextjs.org/telemetry

  ▲ Next.js 14.2.28
  - Experiments (use with caution):
    · outputFileTracingRoot

   Creating an optimized production build ...
 ✓ Compiled successfully
   Skipping linting
   Checking validity of types ...
   Collecting page data ...
   Generating static pages (0/14) ...
   Generating static pages (3/14) 
   Generating static pages (6/14) 
   Generating static pages (10/14) 
 ✓ Generating static pages (14/14)
   Finalizing page optimization ...
   Collecting build traces ...

Route (app)                              Size     First Load JS
┌ ○ /                                    3.44 kB         132 kB
├ ○ /_not-found                          873 B            88 kB
├ ○ /calendar                            13.7 kB         161 kB
├ ○ /dashboard                           7.59 kB         211 kB
├ ○ /dashboard/calendar                  3.46 kB         131 kB
├ ○ /dashboard/notes                     4.29 kB         132 kB
├ ○ /dashboard/profile                   4.08 kB         132 kB
├ ○ /dashboard/settings                  6.34 kB         134 kB
├ ○ /finances                            4.75 kB         205 kB
├ ○ /health                              5.3 kB          206 kB
├ ○ /notes                               7.57 kB         162 kB
└ ○ /tasks                               5.37 kB         160 kB
+ First Load JS shared by all            87.1 kB
  ├ chunks/364-bed91d5074fddfb0.js       31.6 kB
  ├ chunks/618f8807-f0b02fe8dc831021.js  53.6 kB
  └ other shared chunks (total)          1.93 kB


○  (Static)  prerendered as static content

Done in 58.05s.
