yarn run v1.22.22
$ next dev
  ▲ Next.js 14.2.28
  - Local:        http://localhost:3000
  - Experiments (use with caution):
    · outputFileTracingRoot

 ✓ Starting...
Attention: Next.js now collects completely anonymous telemetry regarding usage.
This information is used to shape Next.js' roadmap and prioritize features.
You can learn more, including how to opt-out if you'd not like to participate in this anonymous program, by visiting the following URL:
https://nextjs.org/telemetry


   We detected TypeScript in your project and reconfigured your tsconfig.json file for you. Strict-mode is set to false by default.
   The following suggested values were added to your tsconfig.json. These values can be changed to fit your project's needs:

   	- include was updated to add '.dev/types/**/*.ts'

 ✓ Ready in 2.2s
 ○ Compiling / ...
 ✓ Compiled / in 8.9s (1354 modules)
 HEAD / 200 in 9468ms
 ✓ Compiled in 1098ms (680 modules)
 GET / 200 in 72ms
 GET / 200 in 38ms
 GET / 200 in 39ms
 ○ Compiling /_not-found ...
 ✓ Compiled /_not-found in 714ms (1334 modules)
 GET /notes 404 in 153ms
 ○ Compiling /dashboard ...
 ✓ Compiled /dashboard in 2.3s (1423 modules)
 GET / 200 in 272ms
 GET / 200 in 269ms
 GET / 200 in 163ms
 ✓ Compiled in 2.1s (1387 modules)
 ✓ Compiled in 2s (1387 modules)
 ✓ Compiled in 1440ms (1387 modules)
 ✓ Compiled in 1476ms (1387 modules)
 ✓ Compiled in 497ms (722 modules)
 ✓ Compiled in 995ms (1373 modules)
 ✓ Compiled in 925ms (722 modules)
 ✓ Compiled in 2.2s (1230 modules)
 ✓ Compiled in 869ms (1387 modules)
[?25h
