yarn run v1.22.22
$ next build
  ▲ Next.js 14.2.28
  - Experiments (use with caution):
    · outputFileTracingRoot

   Creating an optimized production build ...
 ✓ Compiled successfully
   Skipping linting
   Checking validity of types ...
   Collecting page data ...
   Generating static pages (0/11) ...
   Generating static pages (2/11) 
   Generating static pages (5/11) 
   Generating static pages (8/11) 
 ✓ Generating static pages (11/11)
   Finalizing page optimization ...
   Collecting build traces ...

Route (app)                              Size     First Load JS
┌ ○ /                                    3.44 kB         132 kB
├ ○ /_not-found                          871 B          88.1 kB
├ ○ /calendar                            13.7 kB         161 kB
├ ○ /dashboard                           7.44 kB         212 kB
├ ○ /dashboard/settings                  5.93 kB         134 kB
├ ○ /finances                            4.75 kB         205 kB
├ ○ /health                              5.32 kB         206 kB
├ ○ /notes                               7.58 kB         162 kB
└ ○ /tasks                               5.39 kB         160 kB
+ First Load JS shared by all            87.2 kB
  ├ chunks/275-1761cc6be42edbea.js       31.6 kB
  ├ chunks/a0b5f63a-93474dd3ad519a8b.js  53.6 kB
  └ other shared chunks (total)          1.93 kB


○  (Static)  prerendered as static content

Done in 18.11s.
