yarn run v1.22.22
$ next build
  ▲ Next.js 14.2.28
  - Experiments (use with caution):
    · outputFileTracingRoot

   Creating an optimized production build ...
 ✓ Compiled successfully
   Skipping linting
   Checking validity of types ...
   Collecting page data ...
   Generating static pages (0/5) ...
   Generating static pages (1/5) 
   Generating static pages (2/5) 
   Generating static pages (3/5) 
 ✓ Generating static pages (5/5)
   Finalizing page optimization ...
   Collecting build traces ...

Route (app)                              Size     First Load JS
┌ ○ /                                    10.1 kB         146 kB
├ ○ /_not-found                          871 B          88.1 kB
└ ○ /dashboard                           75.5 kB         203 kB
+ First Load JS shared by all            87.2 kB
  ├ chunks/275-90f98600883a4b9c.js       31.6 kB
  ├ chunks/a0b5f63a-93474dd3ad519a8b.js  53.6 kB
  └ other shared chunks (total)          1.93 kB


○  (Static)  prerendered as static content

Done in 17.48s.
