yarn run v1.22.22
$ next dev
  ▲ Next.js 14.2.28
  - Local:        http://localhost:3000
  - Experiments (use with caution):
    · outputFileTracingRoot

 ✓ Starting...
 ✓ Ready in 2.2s
 ○ Compiling / ...
 ✓ Compiled / in 5s (1345 modules)
 HEAD / 200 in 4044ms
 HEAD / 200 in 5470ms
 ✓ Compiled in 1646ms (680 modules)
 GET / 200 in 61ms
 GET / 200 in 37ms
 GET / 200 in 46ms
 ○ Compiling /dashboard ...
 ✓ Compiled /dashboard in 1420ms (1420 modules)
 ○ Compiling /notes ...
 ✓ Compiled /notes in 836ms (1456 modules)
 ○ Compiling /calendar ...
 ✓ Compiled /calendar in 1691ms (1488 modules)
 ○ Compiling /finances ...
 ✓ Compiled /finances in 681ms (1506 modules)
 ○ Compiling /tasks ...
 ✓ Compiled /tasks in 640ms (1518 modules)
 ○ Compiling /health ...
 ✓ Compiled /health in 1933ms (1508 modules)
 ○ Compiling / ...
 ✓ Compiled / in 744ms (751 modules)
 GET / 200 in 1123ms
 GET / 200 in 1170ms
 GET / 200 in 223ms
 ✓ Compiled /dashboard in 428ms (773 modules)
[?25h
